\BOOKMARK [0][-]{chapter.1}{Introduzione}{}% 1
\BOOKMARK [-1][-]{part.1}{I Dinamica}{}% 2
\BOOKMARK [0][-]{chapter.2}{Scomposizione del VAB}{part.1}% 3
\BOOKMARK [1][-]{section.2.1}{Considerazioni iniziali}{chapter.2}% 4
\BOOKMARK [1][-]{section.2.2}{Grandezze di supporto}{chapter.2}% 5
\BOOKMARK [1][-]{section.2.3}{Calcolo componenti dinamiche e potenziali per ogni corpo rigido del sistema}{chapter.2}% 6
\BOOKMARK [2][-]{subsection.2.3.1}{Asta}{section.2.3}% 7
\BOOKMARK [2][-]{subsection.2.3.2}{Chassis \(base\)}{section.2.3}% 8
\BOOKMARK [2][-]{subsection.2.3.3}{Utente}{section.2.3}% 9
\BOOKMARK [2][-]{subsection.2.3.4}{Ruota}{section.2.3}% 10
\BOOKMARK [2][-]{subsection.2.3.5}{Veicolo completo}{section.2.3}% 11
\BOOKMARK [2][-]{subsection.2.3.6}{Note sul calcolo delle componenti dinamiche}{section.2.3}% 12
\BOOKMARK [0][-]{chapter.3}{Equazioni del moto}{part.1}% 13
\BOOKMARK [1][-]{section.3.1}{Lagrangiana}{chapter.3}% 14
\BOOKMARK [1][-]{section.3.2}{Rapporto di trasmissione}{chapter.3}% 15
\BOOKMARK [1][-]{section.3.3}{Sistema non lineare}{chapter.3}% 16
\BOOKMARK [1][-]{section.3.4}{Linearizzazione}{chapter.3}% 17
\BOOKMARK [2][-]{subsection.3.4.1}{Calcolo della posizione di equilibrio}{section.3.4}% 18
\BOOKMARK [2][-]{subsection.3.4.2}{Calcolo del sistema lineare}{section.3.4}% 19
\BOOKMARK [-1][-]{part.2}{II Controllo}{}% 20
\BOOKMARK [0][-]{section.3.5}{Controllore}{part.2}% 21
\BOOKMARK [0][-]{chapter.4}{OPC - UA}{part.2}% 22
\BOOKMARK [1][-]{section.4.1}{Idea base OPC-UA}{chapter.4}% 23
\BOOKMARK [1][-]{section.4.2}{OPC-UA e V.A.B.}{chapter.4}% 24
\BOOKMARK [0][-]{chapter.5}{Rumore}{part.2}% 25
\BOOKMARK [-1][-]{part.3}{III Simulink}{}% 26
\BOOKMARK [0][-]{chapter.6}{Simulazione}{part.3}% 27
\BOOKMARK [1][-]{section.6.1}{Simulazione del sistema lineare}{chapter.6}% 28
\BOOKMARK [1][-]{section.6.2}{Simulazione del sistema reale}{chapter.6}% 29
\BOOKMARK [1][-]{section.6.3}{Motore}{chapter.6}% 30
